19:08:13: Test update config

19:08:13: Test update config
Noise type nameID: 2

19:08:13: Test update config
Noise type nameID: 2
Test update config
updated noise type: 1

19:08:13: Test update config
Noise type nameID: 2
Test update config
updated noise type: 1
Test update config2

19:08:13: Test update config
Noise type nameID: 2
Test update config
updated noise type: 1
Test update config2
Test update config

19:08:13: Test update config
Noise type nameID: 2
Test update config
updated noise type: 1
Test update config2
Test update config
Test update config settings updated

19:08:14: Test load config

19:08:14: Test load config
Test load config at litem

19:08:14: Test load config
Test load config at litem
Test load config at name

19:08:14: Test load config
Test load config at litem
Test load config at name
Test load config

19:08:16: Test update config
Noise type nameID: 1

19:08:16: Test update config
Noise type nameID: 1
Test update config
updated noise type: 0

19:08:16: Test update config
Noise type nameID: 1
Test update config
updated noise type: 0
Test update config2

19:08:16: Test update config
Noise type nameID: 1
Test update config
updated noise type: 0
Test update config2
Test update config

19:08:16: Test update config
Noise type nameID: 1
Test update config
updated noise type: 0
Test update config2
Test update config
Test update config settings updated

19:08:16: Hitting update button!!!!!!!
Second terrain noise type:  1
Config size: 2

19:08:16: Key: 1
Values:
 Amplitude,0
 Depth,0.01
 Freqdiv,1
 Frequency,0.00194932
 Gain,0.5
 Maxheight,0
 NoiseType,1
 Octaves,1
 Scale,1
 Weight,1
Key: 2
Values:
 Amplitude,0.5
 Depth,0.75
 Freqdiv,1
 Frequency,0.00194932
 Gain,0.5
 Maxheight,1500
 NoiseType,0
 Octaves,2
 Scale,0.00194932
 Weight,0

19:08:16: Starting noise gen loop!!!!!!!
NoiseType: 1

19:08:16: 2 on noise !!!!!!!

19:08:17: 21 on noise !!!!!!!

19:08:17: weights!!!!!!! 1

19:08:17: Starting noise gen loop!!!!!!!
NoiseType: 0

19:08:17: Hitting update button!!!!!!!

19:08:17: weights!!!!!!! 0

19:08:17: Update 3!!!!!!!

19:08:17: Update 3!!!!!!!
Hitting update button!!!!!!!

